\BOOKMARK [1][-]{section.1}{\376\377\000I\000n\000t\000r\000o\000d\000u\000c\000t\000i\000o\000n}{}% 1
\BOOKMARK [1][-]{section.2}{\376\377\000T\000a\000s\000k\000\040\0001\000\040\000-\000\040\000S\000o\000r\000t\000i\000n\000g\000\040\000A\000l\000g\000o\000r\000i\000t\000h\000m\000\040\000o\000n\000\040\000a\000\040\000S\000i\000n\000g\000l\000e\000\040\000C\000y\000c\000l\000e\000\040\000P\000r\000o\000c\000e\000s\000s\000o\000r}{}% 2
\BOOKMARK [2][-]{subsection.2.1}{\376\377\000B\000u\000b\000b\000l\000e\000\040\000S\000o\000r\000t\000\040\000A\000s\000s\000e\000m\000b\000l\000y\000\040\000C\000o\000d\000e}{section.2}% 3
\BOOKMARK [2][-]{subsection.2.2}{\376\377\000B\000u\000b\000b\000l\000e\000\040\000S\000o\000r\000t\000\040\000P\000y\000t\000h\000o\000n\000\040\000C\000o\000d\000e}{section.2}% 4
\BOOKMARK [1][-]{section.3}{\376\377\000C\000h\000a\000n\000g\000e\000s\000\040\000t\000o\000\040\000S\000i\000n\000g\000l\000e\000\040\000C\000y\000c\000l\000e\000\040\000P\000r\000o\000c\000e\000s\000s\000o\000r}{}% 5
\BOOKMARK [2][-]{subsection.3.1}{\376\377\000I\000n\000s\000t\000r\000u\000c\000t\000i\000o\000n\000\040\000M\000e\000m\000o\000r\000y}{section.3}% 6
\BOOKMARK [2][-]{subsection.3.2}{\376\377\000D\000a\000t\000a\000\040\000M\000e\000m\000o\000r\000y}{section.3}% 7
\BOOKMARK [2][-]{subsection.3.3}{\376\377\000C\000h\000a\000n\000g\000e\000s\000\040\000t\000o\000\040\000C\000o\000n\000t\000r\000o\000l\000\040\000U\000n\000i\000t}{section.3}% 8
\BOOKMARK [2][-]{subsection.3.4}{\376\377\000C\000h\000a\000n\000g\000e\000s\000\040\000t\000o\000\040\000A\000L\000U\000\040\000C\000o\000n\000t\000r\000o\000l\000\040\000U\000n\000i\000t}{section.3}% 9
\BOOKMARK [2][-]{subsection.3.5}{\376\377\000C\000h\000a\000n\000g\000e\000s\000\040\000t\000o\000\040\000A\000L\000U}{section.3}% 10
\BOOKMARK [2][-]{subsection.3.6}{\376\377\000R\000e\000s\000u\000l\000t\000s\000\040\000f\000o\000r\000\040\000S\000i\000n\000g\000l\000e\000\040\000C\000y\000c\000l\000e\000\040\000P\000i\000p\000e\000l\000i\000n\000e}{section.3}% 11
\BOOKMARK [1][-]{section.4}{\376\377\000T\000a\000s\000k\000\040\0002\000\040\000-\000\040\000I\000n\000t\000r\000o\000d\000u\000c\000i\000n\000g\000\040\000P\000i\000p\000e\000l\000i\000n\000e\000\040\000S\000t\000a\000g\000e\000s}{}% 12
\BOOKMARK [2][-]{subsection.4.1}{\376\377\000S\000t\000a\000g\000e\000\040\0001\000\040\000-\000\040\000I\000n\000s\000t\000r\000u\000c\000t\000i\000o\000n\000\040\000F\000e\000t\000c\000h\000\040\000\050\000I\000F\000\051}{section.4}% 13
\BOOKMARK [2][-]{subsection.4.2}{\376\377\000S\000t\000a\000g\000e\000\040\0002\000\040\000-\000\040\000I\000n\000s\000t\000r\000u\000c\000t\000i\000o\000n\000\040\000D\000e\000c\000o\000d\000e\000\040\000\050\000I\000D\000\051}{section.4}% 14
\BOOKMARK [2][-]{subsection.4.3}{\376\377\000S\000t\000a\000g\000e\000\040\0003\000\040\000-\000\040\000E\000x\000e\000c\000u\000t\000i\000o\000n\000\040\000\050\000E\000X\000\051}{section.4}% 15
\BOOKMARK [2][-]{subsection.4.4}{\376\377\000S\000t\000a\000g\000e\000\040\0004\000\040\000-\000\040\000M\000e\000m\000o\000r\000y\000\040\000A\000c\000c\000e\000s\000s\000\040\000\050\000M\000E\000M\000\051}{section.4}% 16
\BOOKMARK [1][-]{section.5}{\376\377\000T\000a\000s\000k\000\040\0003\000\040\000-\000\040\000C\000i\000r\000c\000u\000i\000t\000r\000y\000\040\000t\000o\000\040\000D\000e\000t\000e\000c\000t\000\040\000H\000a\000z\000a\000r\000d\000s}{}% 17
\BOOKMARK [2][-]{subsection.5.1}{\376\377\000F\000o\000r\000w\000a\000r\000d\000i\000n\000g\000\040\000U\000n\000i\000t}{section.5}% 18
\BOOKMARK [2][-]{subsection.5.2}{\376\377\000H\000a\000z\000a\000r\000d\000\040\000D\000e\000t\000e\000c\000t\000i\000o\000n\000\040\000U\000n\000i\000t}{section.5}% 19
\BOOKMARK [2][-]{subsection.5.3}{\376\377\000R\000e\000s\000u\000l\000t\000\040\000f\000o\000r\000\040\000t\000h\000e\000\040\000H\000a\000z\000a\000r\000d\000\040\000D\000e\000t\000e\000c\000t\000i\000o\000n\000\040\000u\000n\000i\000t}{section.5}% 20
\BOOKMARK [1][-]{section.6}{\376\377\000C\000o\000m\000p\000a\000r\000i\000s\000o\000n\000\040\000b\000e\000t\000w\000e\000e\000n\000\040\000P\000i\000p\000e\000l\000i\000n\000e\000d\000\040\000a\000n\000d\000\040\000n\000o\000n\000-\000P\000i\000p\000e\000l\000i\000n\000e\000d\000\040\000S\000i\000n\000g\000l\000e\000\040\000C\000y\000c\000l\000e\000\040\000P\000r\000o\000c\000e\000s\000s\000o\000r}{}% 21
\BOOKMARK [1][-]{section.7}{\376\377\000T\000a\000s\000k\000\040\000D\000i\000v\000i\000s\000i\000o\000n}{}% 22
\BOOKMARK [1][-]{section.8}{\376\377\000F\000i\000n\000a\000l\000\040\000C\000o\000m\000m\000e\000n\000t\000s}{}% 23
\BOOKMARK [1][-]{section.9}{\376\377\000C\000h\000a\000l\000l\000e\000n\000g\000e\000s}{}% 24
\BOOKMARK [1][-]{section.10}{\376\377\000G\000i\000t\000h\000u\000b\000\040\000R\000e\000p\000o\000s\000i\000t\000o\000r\000y}{}% 25
